<?xml version="1.0" encoding="UTF-8"?>
<!-- Generated by org.testng.reporters.JUnitReportReporter -->
<testsuite hostname="Kirans-Laptop" failures="0" tests="1" name="JobPortals.Naukri" time="18.894" errors="0" timestamp="2024-08-10T15:44:37 IST" skipped="0">
  <testcase classname="JobPortals.Naukri" name="applyOnNaukri" time="18.894"/>
  <system-out/>
</testsuite> <!-- JobPortals.Naukri -->
