<?xml version="1.0" encoding="UTF-8"?>
<!-- Generated by org.testng.reporters.JUnitReportReporter -->
<testsuite hostname="Kirans-Laptop" failures="0" tests="1" name="JobPortals.Naukri" time="25.141" errors="0" timestamp="2024-08-28T01:26:15 IST" skipped="0">
  <testcase classname="JobPortals.Naukri" name="applyOnNaukri" time="25.141"/>
  <system-out/>
</testsuite> <!-- JobPortals.Naukri -->
