<?xml version="1.0" encoding="UTF-8"?>
<!-- Generated by org.testng.reporters.JUnitReportReporter -->
<testsuite hostname="Kirans-Laptop" failures="0" tests="1" name="JobPortals.Hirist" time="47.084" errors="0" timestamp="2024-08-10T02:06:00 IST" skipped="0">
  <testcase classname="JobPortals.Hirist" name="applyOnHirist" time="47.084"/>
  <system-out/>
</testsuite> <!-- JobPortals.Hirist -->
